<?xml version="1.0" encoding="UTF-8"?>
<testng-results ignored="0" total="1" passed="1" failed="0" skipped="0">
  <reporter-output>
  </reporter-output>
  <suite started-at="2024-04-18T12:21:42 CEST" name="Smoky" finished-at="2024-04-18T12:21:48 CEST" duration-ms="6574">
    <groups>
    </groups>
    <test started-at="2024-04-18T12:21:42 CEST" name="Smoky" finished-at="2024-04-18T12:21:48 CEST" duration-ms="6574">
      <class name="com.demoqa.tests.PracticeFormTests">
        <test-method is-config="true" signature="init()[pri:0, instance:com.demoqa.tests.PracticeFormTests@62230c58]" started-at="2024-04-18T12:21:42 CEST" name="init" finished-at="2024-04-18T12:21:45 CEST" duration-ms="3286" status="PASS">
          <reporter-output>
          </reporter-output>
        </test-method> <!-- init -->
        <test-method is-config="true" signature="precondition()[pri:0, instance:com.demoqa.tests.PracticeFormTests@62230c58]" started-at="2024-04-18T12:21:45 CEST" name="precondition" finished-at="2024-04-18T12:21:45 CEST" duration-ms="284" status="PASS">
          <reporter-output>
          </reporter-output>
        </test-method> <!-- precondition -->
        <test-method signature="createStudentAccountTest()[pri:0, instance:com.demoqa.tests.PracticeFormTests@62230c58]" started-at="2024-04-18T12:21:45 CEST" name="createStudentAccountTest" finished-at="2024-04-18T12:21:48 CEST" duration-ms="2829" status="PASS">
          <reporter-output>
          </reporter-output>
        </test-method> <!-- createStudentAccountTest -->
        <test-method is-config="true" signature="tearDown()[pri:0, instance:com.demoqa.tests.PracticeFormTests@62230c58]" started-at="2024-04-18T12:21:48 CEST" name="tearDown" finished-at="2024-04-18T12:21:48 CEST" duration-ms="120" status="PASS">
          <reporter-output>
          </reporter-output>
        </test-method> <!-- tearDown -->
      </class> <!-- com.demoqa.tests.PracticeFormTests -->
    </test> <!-- Smoky -->
  </suite> <!-- Smoky -->
</testng-results>
